<?xml version="1.0" encoding="UTF-8"?>
<testsuite xmlns:xsi="http://www.w3.org/2001/XMLSchema-instance" xsi:noNamespaceSchemaLocation="https://maven.apache.org/surefire/maven-surefire-plugin/xsd/surefire-test-report-3.0.xsd" version="3.0" name="TestSuite" time="12.928" tests="3" errors="0" skipped="0" failures="0">
  <properties>
[...]
</properties>
  <testcase name="retrieveAndConvertCurrency" classname="com.backend.runner.BackEndTask_1" time="5.99">
    <system-out><![CDATA[BitcoinID---->1
tetherID---->825
ethereumID---->1027
]]></system-out>
  </testcase>
  <testcase name="currencyInfoAPIVerification" classname="com.backend.runner.BackEndTask_2" time="2.046"/>
  <testcase name="firstTenCurrenciesVerification" classname="com.backend.runner.BackEndTask_3" time="3.855"/>
</testsuite>